<?xml version="1.0" encoding="UTF-8"?>
<coverage generated="1671043099245" clover="3.2.0">
  <project timestamp="1671043099245" name="All files">
    <metrics statements="279" coveredstatements="279" conditionals="44" coveredconditionals="44" methods="18" coveredmethods="18" elements="341" coveredelements="341" complexity="0" loc="279" ncloc="279" packages="1" files="6" classes="6"/>
    <file name="BloxCatalog.ts" path="/Users/adameisfeld/Desktop/vue-blox/src/BloxCatalog.ts">
      <metrics statements="24" coveredstatements="24" conditionals="6" coveredconditionals="6" methods="6" coveredmethods="6"/>
      <line num="1" count="1" type="stmt"/>
      <line num="2" count="1" type="stmt"/>
      <line num="3" count="1" type="stmt"/>
      <line num="4" count="1" type="stmt"/>
      <line num="5" count="1" type="stmt"/>
      <line num="6" count="1" type="stmt"/>
      <line num="7" count="1" type="stmt"/>
      <line num="8" count="1" type="cond" truecount="1" falsecount="0"/>
      <line num="9" count="1" type="stmt"/>
      <line num="10" count="1" type="cond" truecount="1" falsecount="0"/>
      <line num="11" count="1" type="stmt"/>
      <line num="12" count="1" type="cond" truecount="1" falsecount="0"/>
      <line num="13" count="16" type="stmt"/>
      <line num="14" count="16" type="stmt"/>
      <line num="15" count="1" type="stmt"/>
      <line num="16" count="1" type="cond" truecount="1" falsecount="0"/>
      <line num="17" count="7" type="stmt"/>
      <line num="18" count="7" type="stmt"/>
      <line num="19" count="1" type="stmt"/>
      <line num="20" count="1" type="cond" truecount="1" falsecount="0"/>
      <line num="21" count="30" type="stmt"/>
      <line num="22" count="30" type="stmt"/>
      <line num="23" count="30" type="stmt"/>
      <line num="24" count="23" type="cond" truecount="1" falsecount="0"/>
    </file>
    <file name="BloxModel.ts" path="/Users/adameisfeld/Desktop/vue-blox/src/BloxModel.ts">
      <metrics statements="149" coveredstatements="149" conditionals="29" coveredconditionals="29" methods="5" coveredmethods="5"/>
      <line num="1" count="1" type="stmt"/>
      <line num="2" count="1" type="stmt"/>
      <line num="3" count="1" type="stmt"/>
      <line num="4" count="1" type="stmt"/>
      <line num="5" count="1" type="stmt"/>
      <line num="6" count="1" type="stmt"/>
      <line num="7" count="1" type="stmt"/>
      <line num="8" count="1" type="stmt"/>
      <line num="9" count="1" type="stmt"/>
      <line num="10" count="1" type="cond" truecount="1" falsecount="0"/>
      <line num="11" count="28" type="stmt"/>
      <line num="12" count="28" type="stmt"/>
      <line num="13" count="1" type="stmt"/>
      <line num="14" count="1" type="cond" truecount="1" falsecount="0"/>
      <line num="15" count="21" type="stmt"/>
      <line num="16" count="21" type="cond" truecount="1" falsecount="0"/>
      <line num="17" count="21" type="stmt"/>
      <line num="18" count="21" type="stmt"/>
      <line num="19" count="21" type="stmt"/>
      <line num="20" count="21" type="stmt"/>
      <line num="21" count="21" type="stmt"/>
      <line num="22" count="21" type="stmt"/>
      <line num="23" count="21" type="stmt"/>
      <line num="24" count="21" type="stmt"/>
      <line num="25" count="21" type="stmt"/>
      <line num="26" count="21" type="stmt"/>
      <line num="27" count="21" type="stmt"/>
      <line num="28" count="21" type="stmt"/>
      <line num="29" count="21" type="stmt"/>
      <line num="30" count="21" type="stmt"/>
      <line num="31" count="1" type="stmt"/>
      <line num="32" count="1" type="cond" truecount="1" falsecount="0"/>
      <line num="33" count="27" type="stmt"/>
      <line num="34" count="27" type="cond" truecount="1" falsecount="0"/>
      <line num="35" count="27" type="stmt"/>
      <line num="36" count="27" type="stmt"/>
      <line num="37" count="27" type="stmt"/>
      <line num="38" count="27" type="cond" truecount="1" falsecount="0"/>
      <line num="39" count="27" type="stmt"/>
      <line num="40" count="27" type="stmt"/>
      <line num="41" count="27" type="stmt"/>
      <line num="42" count="27" type="stmt"/>
      <line num="43" count="27" type="stmt"/>
      <line num="44" count="27" type="cond" truecount="1" falsecount="0"/>
      <line num="45" count="49" type="stmt"/>
      <line num="46" count="49" type="stmt"/>
      <line num="47" count="49" type="stmt"/>
      <line num="48" count="49" type="stmt"/>
      <line num="49" count="49" type="cond" truecount="1" falsecount="0"/>
      <line num="50" count="7" type="stmt"/>
      <line num="51" count="7" type="stmt"/>
      <line num="52" count="7" type="stmt"/>
      <line num="53" count="7" type="stmt"/>
      <line num="54" count="7" type="stmt"/>
      <line num="55" count="7" type="cond" truecount="1" falsecount="0"/>
      <line num="56" count="1" type="stmt"/>
      <line num="57" count="1" type="stmt"/>
      <line num="58" count="1" type="stmt"/>
      <line num="59" count="1" type="stmt"/>
      <line num="60" count="1" type="stmt"/>
      <line num="61" count="7" type="cond" truecount="1" falsecount="0"/>
      <line num="62" count="6" type="cond" truecount="1" falsecount="0"/>
      <line num="63" count="3" type="stmt"/>
      <line num="64" count="3" type="cond" truecount="1" falsecount="0"/>
      <line num="65" count="2" type="stmt"/>
      <line num="66" count="2" type="stmt"/>
      <line num="67" count="7" type="cond" truecount="3" falsecount="0"/>
      <line num="68" count="1" type="stmt"/>
      <line num="69" count="1" type="stmt"/>
      <line num="70" count="1" type="stmt"/>
      <line num="71" count="7" type="cond" truecount="1" falsecount="0"/>
      <line num="72" count="5" type="stmt"/>
      <line num="73" count="5" type="cond" truecount="1" falsecount="0"/>
      <line num="74" count="6" type="stmt"/>
      <line num="75" count="6" type="stmt"/>
      <line num="76" count="6" type="stmt"/>
      <line num="77" count="6" type="stmt"/>
      <line num="78" count="6" type="stmt"/>
      <line num="79" count="6" type="stmt"/>
      <line num="80" count="6" type="stmt"/>
      <line num="81" count="6" type="stmt"/>
      <line num="82" count="6" type="stmt"/>
      <line num="83" count="6" type="stmt"/>
      <line num="84" count="6" type="stmt"/>
      <line num="85" count="7" type="cond" truecount="1" falsecount="0"/>
      <line num="86" count="5" type="stmt"/>
      <line num="87" count="5" type="stmt"/>
      <line num="88" count="5" type="stmt"/>
      <line num="89" count="5" type="stmt"/>
      <line num="90" count="5" type="stmt"/>
      <line num="91" count="49" type="cond" truecount="2" falsecount="0"/>
      <line num="92" count="8" type="stmt"/>
      <line num="93" count="8" type="stmt"/>
      <line num="94" count="8" type="stmt"/>
      <line num="95" count="8" type="stmt"/>
      <line num="96" count="8" type="stmt"/>
      <line num="97" count="8" type="cond" truecount="1" falsecount="0"/>
      <line num="98" count="1" type="stmt"/>
      <line num="99" count="1" type="stmt"/>
      <line num="100" count="1" type="stmt"/>
      <line num="101" count="1" type="stmt"/>
      <line num="102" count="8" type="cond" truecount="1" falsecount="0"/>
      <line num="103" count="7" type="cond" truecount="1" falsecount="0"/>
      <line num="104" count="1" type="stmt"/>
      <line num="105" count="1" type="stmt"/>
      <line num="106" count="1" type="stmt"/>
      <line num="107" count="1" type="stmt"/>
      <line num="108" count="8" type="cond" truecount="1" falsecount="0"/>
      <line num="109" count="6" type="stmt"/>
      <line num="110" count="6" type="cond" truecount="1" falsecount="0"/>
      <line num="111" count="5" type="stmt"/>
      <line num="112" count="5" type="stmt"/>
      <line num="113" count="5" type="stmt"/>
      <line num="114" count="5" type="stmt"/>
      <line num="115" count="5" type="stmt"/>
      <line num="116" count="5" type="stmt"/>
      <line num="117" count="5" type="stmt"/>
      <line num="118" count="5" type="stmt"/>
      <line num="119" count="8" type="cond" truecount="1" falsecount="0"/>
      <line num="120" count="6" type="cond" truecount="1" falsecount="0"/>
      <line num="121" count="2" type="stmt"/>
      <line num="122" count="2" type="stmt"/>
      <line num="123" count="2" type="stmt"/>
      <line num="124" count="6" type="stmt"/>
      <line num="125" count="6" type="stmt"/>
      <line num="126" count="6" type="stmt"/>
      <line num="127" count="6" type="stmt"/>
      <line num="128" count="6" type="stmt"/>
      <line num="129" count="42" type="cond" truecount="1" falsecount="0"/>
      <line num="130" count="34" type="stmt"/>
      <line num="131" count="34" type="stmt"/>
      <line num="132" count="34" type="stmt"/>
      <line num="133" count="34" type="stmt"/>
      <line num="134" count="34" type="stmt"/>
      <line num="135" count="34" type="stmt"/>
      <line num="136" count="34" type="stmt"/>
      <line num="137" count="49" type="stmt"/>
      <line num="138" count="49" type="stmt"/>
      <line num="139" count="49" type="stmt"/>
      <line num="140" count="49" type="stmt"/>
      <line num="141" count="49" type="stmt"/>
      <line num="142" count="49" type="stmt"/>
      <line num="143" count="49" type="stmt"/>
      <line num="144" count="49" type="stmt"/>
      <line num="145" count="49" type="stmt"/>
      <line num="146" count="49" type="stmt"/>
      <line num="147" count="49" type="stmt"/>
      <line num="148" count="27" type="stmt"/>
      <line num="149" count="22" type="cond" truecount="1" falsecount="0"/>
    </file>
    <file name="BloxView.vue" path="/Users/adameisfeld/Desktop/vue-blox/src/BloxView.vue">
      <metrics statements="61" coveredstatements="61" conditionals="3" coveredconditionals="3" methods="1" coveredmethods="1"/>
      <line num="1" count="1" type="stmt"/>
      <line num="2" count="1" type="stmt"/>
      <line num="3" count="1" type="stmt"/>
      <line num="4" count="1" type="stmt"/>
      <line num="5" count="1" type="stmt"/>
      <line num="6" count="1" type="stmt"/>
      <line num="7" count="1" type="stmt"/>
      <line num="8" count="1" type="stmt"/>
      <line num="9" count="1" type="stmt"/>
      <line num="10" count="1" type="stmt"/>
      <line num="11" count="1" type="stmt"/>
      <line num="12" count="1" type="stmt"/>
      <line num="13" count="1" type="stmt"/>
      <line num="14" count="1" type="stmt"/>
      <line num="15" count="1" type="stmt"/>
      <line num="16" count="1" type="stmt"/>
      <line num="17" count="1" type="stmt"/>
      <line num="18" count="1" type="stmt"/>
      <line num="19" count="1" type="stmt"/>
      <line num="20" count="1" type="stmt"/>
      <line num="21" count="1" type="stmt"/>
      <line num="22" count="1" type="stmt"/>
      <line num="23" count="1" type="stmt"/>
      <line num="24" count="1" type="stmt"/>
      <line num="25" count="1" type="stmt"/>
      <line num="26" count="1" type="stmt"/>
      <line num="27" count="1" type="stmt"/>
      <line num="28" count="1" type="stmt"/>
      <line num="29" count="1" type="stmt"/>
      <line num="30" count="1" type="stmt"/>
      <line num="31" count="1" type="cond" truecount="1" falsecount="0"/>
      <line num="32" count="27" type="stmt"/>
      <line num="33" count="27" type="cond" truecount="1" falsecount="0"/>
      <line num="34" count="28" type="stmt"/>
      <line num="35" count="28" type="stmt"/>
      <line num="36" count="28" type="stmt"/>
      <line num="37" count="28" type="cond" truecount="1" falsecount="0"/>
      <line num="38" count="52" type="stmt"/>
      <line num="39" count="52" type="stmt"/>
      <line num="40" count="52" type="stmt"/>
      <line num="41" count="52" type="stmt"/>
      <line num="42" count="28" type="stmt"/>
      <line num="43" count="28" type="stmt"/>
      <line num="44" count="27" type="stmt"/>
      <line num="45" count="27" type="stmt"/>
      <line num="46" count="27" type="stmt"/>
      <line num="47" count="27" type="stmt"/>
      <line num="48" count="27" type="stmt"/>
      <line num="49" count="27" type="stmt"/>
      <line num="50" count="1" type="stmt"/>
      <line num="51" count="1" type="stmt"/>
      <line num="52" count="1" type="stmt"/>
      <line num="53" count="1" type="stmt"/>
      <line num="54" count="1" type="stmt"/>
      <line num="55" count="1" type="stmt"/>
      <line num="56" count="1" type="stmt"/>
      <line num="57" count="1" type="stmt"/>
      <line num="58" count="1" type="stmt"/>
      <line num="59" count="1" type="stmt"/>
      <line num="60" count="1" type="stmt"/>
      <line num="61" count="1" type="stmt"/>
    </file>
    <file name="createBlox.ts" path="/Users/adameisfeld/Desktop/vue-blox/src/createBlox.ts">
      <metrics statements="20" coveredstatements="20" conditionals="3" coveredconditionals="3" methods="3" coveredmethods="3"/>
      <line num="1" count="1" type="stmt"/>
      <line num="2" count="1" type="stmt"/>
      <line num="3" count="1" type="stmt"/>
      <line num="4" count="1" type="stmt"/>
      <line num="5" count="1" type="stmt"/>
      <line num="6" count="1" type="stmt"/>
      <line num="7" count="1" type="stmt"/>
      <line num="8" count="1" type="stmt"/>
      <line num="9" count="1" type="cond" truecount="1" falsecount="0"/>
      <line num="10" count="1" type="stmt"/>
      <line num="11" count="1" type="stmt"/>
      <line num="12" count="1" type="cond" truecount="1" falsecount="0"/>
      <line num="13" count="1" type="stmt"/>
      <line num="14" count="1" type="stmt"/>
      <line num="15" count="1" type="stmt"/>
      <line num="16" count="1" type="stmt"/>
      <line num="17" count="1" type="stmt"/>
      <line num="18" count="1" type="stmt"/>
      <line num="19" count="1" type="stmt"/>
      <line num="20" count="1" type="cond" truecount="1" falsecount="0"/>
    </file>
    <file name="index.ts" path="/Users/adameisfeld/Desktop/vue-blox/src/index.ts">
      <metrics statements="13" coveredstatements="13" conditionals="1" coveredconditionals="1" methods="1" coveredmethods="1"/>
      <line num="1" count="1" type="stmt"/>
      <line num="2" count="1" type="stmt"/>
      <line num="3" count="1" type="stmt"/>
      <line num="4" count="1" type="stmt"/>
      <line num="5" count="1" type="stmt"/>
      <line num="6" count="1" type="stmt"/>
      <line num="7" count="1" type="stmt"/>
      <line num="8" count="1" type="stmt"/>
      <line num="9" count="1" type="stmt"/>
      <line num="10" count="1" type="stmt"/>
      <line num="11" count="1" type="stmt"/>
      <line num="12" count="1" type="cond" truecount="1" falsecount="0"/>
      <line num="13" count="1" type="stmt"/>
    </file>
    <file name="useBlox.ts" path="/Users/adameisfeld/Desktop/vue-blox/src/useBlox.ts">
      <metrics statements="12" coveredstatements="12" conditionals="2" coveredconditionals="2" methods="2" coveredmethods="2"/>
      <line num="1" count="1" type="stmt"/>
      <line num="2" count="1" type="stmt"/>
      <line num="3" count="1" type="stmt"/>
      <line num="4" count="1" type="stmt"/>
      <line num="5" count="1" type="stmt"/>
      <line num="6" count="1" type="stmt"/>
      <line num="7" count="1" type="stmt"/>
      <line num="8" count="1" type="stmt"/>
      <line num="9" count="1" type="stmt"/>
      <line num="10" count="1" type="cond" truecount="1" falsecount="0"/>
      <line num="11" count="2" type="stmt"/>
      <line num="12" count="2" type="cond" truecount="1" falsecount="0"/>
    </file>
  </project>
</coverage>
